0 info it worked if it ends with ok
1 verbose cli [ 'C:\\Users\\scjyholy\\AppData\\Local\\atom\\app-0.177.0\\resources\\app\\apm\\bin\\\\node.exe',
1 verbose cli   'C:\\Users\\scjyholy\\AppData\\Local\\atom\\app-0.177.0\\resources\\app\\apm\\node_modules\\npm\\bin\\npm-cli.js',
1 verbose cli   '--globalconfig',
1 verbose cli   'C:\\Users\\scjyholy\\AppData\\Local\\atom\\app-0.177.0\\resources\\app\\apm\\.apmrc',
1 verbose cli   '--userconfig',
1 verbose cli   'C:\\Users\\scjyholy\\.atom\\.apmrc',
1 verbose cli   'install',
1 verbose cli   '--target=0.21.0',
1 verbose cli   '--arch=ia32',
1 verbose cli   '--msvs_version=2013' ]
2 info using npm@2.3.0
3 info using node@v0.10.35
4 verbose node symlink C:\Users\scjyholy\AppData\Local\atom\app-0.177.0\resources\app\apm\bin\\node.exe
5 error install Couldn't read dependencies
6 verbose stack Error: ENOENT, open 'D:\n1\ly-blog\package.json'
7 verbose cwd D:\n1\ly-blog
8 error Windows_NT 6.2.9200
9 error argv "C:\\Users\\scjyholy\\AppData\\Local\\atom\\app-0.177.0\\resources\\app\\apm\\bin\\\\node.exe" "C:\\Users\\scjyholy\\AppData\\Local\\atom\\app-0.177.0\\resources\\app\\apm\\node_modules\\npm\\bin\\npm-cli.js" "--globalconfig" "C:\\Users\\scjyholy\\AppData\\Local\\atom\\app-0.177.0\\resources\\app\\apm\\.apmrc" "--userconfig" "C:\\Users\\scjyholy\\.atom\\.apmrc" "install" "--target=0.21.0" "--arch=ia32" "--msvs_version=2013"
10 error node v0.10.35
11 error npm  v2.3.0
12 error path D:\n1\ly-blog\package.json
13 error code ENOPACKAGEJSON
14 error errno 34
15 error package.json ENOENT, open 'D:\n1\ly-blog\package.json'
15 error package.json This is most likely not a problem with npm itself.
15 error package.json npm can't find a package.json file in your current directory.
16 verbose exit [ 34, true ]
